<?xml version="1.0" encoding="UTF-8"?>
<!-- Generated by org.testng.reporters.JUnitXMLReporter -->
<testsuite hostname="HOME-PC" ignored="0" name="Test" tests="5" failures="0" timestamp="02 Oct 2018 05:16:33 GMT" time="160.335" errors="0">
  <testcase name="WrongCredentialsSignInPostSignUpDoneManually" time="5.644" classname="PrudentialCaseStudy.PrudentialCaseStudy.TestLabels"/>
  <testcase name="SignInPostSignUpDoneManually" time="7.397" classname="PrudentialCaseStudy.PrudentialCaseStudy.TestLabels"/>
  <testcase name="invalidCity" time="28.569" classname="PrudentialCaseStudy.PrudentialCaseStudy.TestLabels"/>
  <testcase name="validCity" time="7.001" classname="PrudentialCaseStudy.PrudentialCaseStudy.TestLabels"/>
  <testcase name="verifyHomePage" time="48.199" classname="PrudentialCaseStudy.PrudentialCaseStudy.TestLabels"/>
</testsuite> <!-- Test -->
